[2025-08-25 12:02:20,295] [basehttp.py:154] [basehttp:log_message] [INFO]- "GET / HTTP/1.1" 200 512
[2025-08-25 12:02:20,312] [basehttp.py:154] [basehttp:log_message] [WARNING]- "GET /static/css/app.53bb2e684e0e03110cf783ef15232e52.css HTTP/1.1" 404 1756
[2025-08-25 12:02:20,312] [basehttp.py:154] [basehttp:log_message] [WARNING]- "GET /static/js/app.57ed0479d9c68ee60b3b.js HTTP/1.1" 404 1714
[2025-08-25 12:02:20,312] [basehttp.py:154] [basehttp:log_message] [WARNING]- "GET /static/js/vendor.0179fbc4091f048c6e4e.js HTTP/1.1" 404 1723
[2025-08-25 12:02:20,328] [log.py:228] [log:log_response] [WARNING]- Not Found: /favicon.ico
[2025-08-25 12:02:20,328] [basehttp.py:154] [basehttp:log_message] [WARNING]- "GET /favicon.ico HTTP/1.1" 404 2307
[2025-08-25 12:06:00,729] [log.py:228] [log:log_response] [WARNING]- Unauthorized: /api/login/
[2025-08-25 12:06:00,730] [basehttp.py:154] [basehttp:log_message] [WARNING]- "POST /api/login/ HTTP/1.1" 401 33
[2025-08-25 12:06:02,241] [basehttp.py:154] [basehttp:log_message] [INFO]- "OPTIONS /api/login/ HTTP/1.1" 200 0
[2025-08-25 12:06:02,394] [basehttp.py:154] [basehttp:log_message] [INFO]- "POST /api/login/ HTTP/1.1" 200 1119
[2025-08-25 12:06:13,326] [log.py:228] [log:log_response] [WARNING]- Unauthorized: /api/login/
[2025-08-25 12:06:13,327] [basehttp.py:154] [basehttp:log_message] [WARNING]- "POST /api/login/ HTTP/1.1" 401 33
[2025-08-25 12:06:16,303] [basehttp.py:154] [basehttp:log_message] [INFO]- "POST /api/login/ HTTP/1.1" 200 1119
[2025-08-25 12:06:52,587] [log.py:228] [log:log_response] [WARNING]- Unauthorized: /api/login/
[2025-08-25 12:06:52,587] [basehttp.py:154] [basehttp:log_message] [WARNING]- "POST /api/login/ HTTP/1.1" 401 33
[2025-08-25 13:43:02,612] [basehttp.py:154] [basehttp:log_message] [INFO]- "POST /api/login/ HTTP/1.1" 200 1119
[2025-08-25 13:49:36,318] [basehttp.py:154] [basehttp:log_message] [INFO]- "POST /api/login/ HTTP/1.1" 200 1119
[2025-08-25 13:54:57,851] [log.py:228] [log:log_response] [WARNING]- Not Found: /.well-known/appspecific/com.chrome.devtools.json
[2025-08-25 13:54:57,852] [basehttp.py:154] [basehttp:log_message] [WARNING]- "GET /.well-known/appspecific/com.chrome.devtools.json HTTP/1.1" 404 2418
[2025-08-25 13:55:03,009] [log.py:228] [log:log_response] [WARNING]- Not Found: /.well-known/appspecific/com.chrome.devtools.json
[2025-08-25 13:55:03,010] [basehttp.py:154] [basehttp:log_message] [WARNING]- "GET /.well-known/appspecific/com.chrome.devtools.json HTTP/1.1" 404 2418
[2025-08-25 13:55:03,017] [basehttp.py:154] [basehttp:log_message] [WARNING]- "GET /static/css/app.53bb2e684e0e03110cf783ef15232e52.css HTTP/1.1" 404 1756
[2025-08-25 13:55:03,021] [log.py:228] [log:log_response] [WARNING]- Not Found: /.well-known/appspecific/com.chrome.devtools.json
[2025-08-25 13:55:03,022] [basehttp.py:154] [basehttp:log_message] [WARNING]- "GET /.well-known/appspecific/com.chrome.devtools.json HTTP/1.1" 404 2418
[2025-08-25 13:55:36,329] [basehttp.py:154] [basehttp:log_message] [INFO]- "OPTIONS /api/login/ HTTP/1.1" 200 0
[2025-08-25 13:55:36,609] [basehttp.py:154] [basehttp:log_message] [INFO]- "POST /api/login/ HTTP/1.1" 200 1119
[2025-08-25 13:55:44,227] [basehttp.py:154] [basehttp:log_message] [INFO]- "POST /api/login/ HTTP/1.1" 200 1119
[2025-08-25 14:46:51,596] [basehttp.py:154] [basehttp:log_message] [INFO]- "POST /api/login/ HTTP/1.1" 200 1119
[2025-08-25 14:51:37,288] [basehttp.py:154] [basehttp:log_message] [INFO]- "POST /api/login/ HTTP/1.1" 200 1119
[2025-08-25 14:57:54,006] [basehttp.py:154] [basehttp:log_message] [INFO]- "POST /api/login/ HTTP/1.1" 200 1119
[2025-08-25 15:08:00,000] [basehttp.py:154] [basehttp:log_message] [INFO]- "POST /api/login/ HTTP/1.1" 200 1119
[2025-08-25 15:20:12,965] [basehttp.py:154] [basehttp:log_message] [INFO]- "POST /api/login/ HTTP/1.1" 200 1119
[2025-08-25 15:23:06,278] [basehttp.py:154] [basehttp:log_message] [INFO]- "POST /api/login/ HTTP/1.1" 200 1119
[2025-08-25 15:32:16,607] [basehttp.py:154] [basehttp:log_message] [INFO]- "POST /api/login/ HTTP/1.1" 200 1119
[2025-08-25 15:34:18,252] [basehttp.py:154] [basehttp:log_message] [INFO]- "POST /api/login/ HTTP/1.1" 200 1119
[2025-08-25 15:42:22,644] [basehttp.py:154] [basehttp:log_message] [INFO]- "POST /api/login/ HTTP/1.1" 200 1119
[2025-08-25 16:04:15,765] [basehttp.py:154] [basehttp:log_message] [INFO]- "OPTIONS /api/login/ HTTP/1.1" 200 0
[2025-08-25 16:04:15,861] [basehttp.py:154] [basehttp:log_message] [INFO]- "POST /api/login/ HTTP/1.1" 200 1119
[2025-08-25 16:58:57,522] [basehttp.py:154] [basehttp:log_message] [INFO]- "POST /api/login/ HTTP/1.1" 200 1119
[2025-08-26 08:37:43,463] [basehttp.py:154] [basehttp:log_message] [INFO]- "OPTIONS /api/login/ HTTP/1.1" 200 0
[2025-08-26 08:37:43,496] [log.py:228] [log:log_response] [WARNING]- Unauthorized: /api/login/
[2025-08-26 08:37:43,497] [basehttp.py:154] [basehttp:log_message] [WARNING]- "POST /api/login/ HTTP/1.1" 401 33
[2025-08-26 08:40:41,984] [log.py:228] [log:log_response] [WARNING]- Unauthorized: /api/login/
[2025-08-26 08:40:41,984] [basehttp.py:154] [basehttp:log_message] [WARNING]- "POST /api/login/ HTTP/1.1" 401 33
